<?xml version="1.0" encoding="UTF-8"?>
<testsuite name="audiojoinerbot.MainTest" tests="1" skipped="0" failures="0" errors="0" timestamp="2023-07-29T13:30:00" hostname="shyju-20hgs0hk00" time="0.019">
  <properties/>
  <testcase name="appHasAGreeting()" classname="audiojoinerbot.MainTest" time="0.019"/>
  <system-out><![CDATA[]]></system-out>
  <system-err><![CDATA[]]></system-err>
</testsuite>
